  Logowanie.cpp
D:\5 semester\aplikacje bazodanowe\projekt Twardokęs, Osmolovskyi\Restauracja Twardokęs, Osmolovskyi\Restauracja\Program.h(1941,176): warning C4566: znak przedstawiony przez nazwę zawierającą znaki uniwersalne "\u0105" nie może być przedstawiony w bieżącej stronie kodowej (1251)
D:\5 semester\aplikacje bazodanowe\projekt Twardokęs, Osmolovskyi\Restauracja Twardokęs, Osmolovskyi\Restauracja\Program.h(2268,20): warning C4566: znak przedstawiony przez nazwę zawierającą znaki uniwersalne "\u0142" nie może być przedstawiony w bieżącej stronie kodowej (1251)
D:\5 semester\aplikacje bazodanowe\projekt Twardokęs, Osmolovskyi\Restauracja Twardokęs, Osmolovskyi\Restauracja\Program.h(2268,117): warning C4566: znak przedstawiony przez nazwę zawierającą znaki uniwersalne "\u0142" nie może być przedstawiony w bieżącej stronie kodowej (1251)
D:\5 semester\aplikacje bazodanowe\projekt Twardokęs, Osmolovskyi\Restauracja Twardokęs, Osmolovskyi\Restauracja\Program.h(2268,117): warning C4566: znak przedstawiony przez nazwę zawierającą znaki uniwersalne "\u0119" nie może być przedstawiony w bieżącej stronie kodowej (1251)
D:\5 semester\aplikacje bazodanowe\projekt Twardokęs, Osmolovskyi\Restauracja Twardokęs, Osmolovskyi\Restauracja\Program.h(2418,24): warning C4566: znak przedstawiony przez nazwę zawierającą znaki uniwersalne "\u0119" nie może być przedstawiony w bieżącej stronie kodowej (1251)
D:\5 semester\aplikacje bazodanowe\projekt Twardokęs, Osmolovskyi\Restauracja Twardokęs, Osmolovskyi\Restauracja\Program.h(2425,20): warning C4566: znak przedstawiony przez nazwę zawierającą znaki uniwersalne "\u0142" nie może być przedstawiony w bieżącej stronie kodowej (1251)
D:\5 semester\aplikacje bazodanowe\projekt Twardokęs, Osmolovskyi\Restauracja Twardokęs, Osmolovskyi\Restauracja\Program.h(2425,20): warning C4566: znak przedstawiony przez nazwę zawierającą znaki uniwersalne "\u0119" nie może być przedstawiony w bieżącej stronie kodowej (1251)
D:\5 semester\aplikacje bazodanowe\projekt Twardokęs, Osmolovskyi\Restauracja Twardokęs, Osmolovskyi\Restauracja\Program.h(2470,20): warning C4566: znak przedstawiony przez nazwę zawierającą znaki uniwersalne "\u0142" nie może być przedstawiony w bieżącej stronie kodowej (1251)
D:\5 semester\aplikacje bazodanowe\projekt Twardokęs, Osmolovskyi\Restauracja Twardokęs, Osmolovskyi\Restauracja\Program.h(2512,20): warning C4566: znak przedstawiony przez nazwę zawierającą znaki uniwersalne "\u0142" nie może być przedstawiony w bieżącej stronie kodowej (1251)
D:\5 semester\aplikacje bazodanowe\projekt Twardokęs, Osmolovskyi\Restauracja Twardokęs, Osmolovskyi\Restauracja\Program.h(2512,20): warning C4566: znak przedstawiony przez nazwę zawierającą znaki uniwersalne "\u0119" nie może być przedstawiony w bieżącej stronie kodowej (1251)
D:\5 semester\aplikacje bazodanowe\projekt Twardokęs, Osmolovskyi\Restauracja Twardokęs, Osmolovskyi\Restauracja\Program.h(1939,213): warning C4390: ";": znaleziono kontrolowaną pustą instrukcję; czy to było zamierzone?
D:\5 semester\aplikacje bazodanowe\projekt Twardokęs, Osmolovskyi\Restauracja Twardokęs, Osmolovskyi\Restauracja\Program.h(2074,209): warning C4390: ";": znaleziono kontrolowaną pustą instrukcję; czy to było zamierzone?
D:\5 semester\aplikacje bazodanowe\projekt Twardokęs, Osmolovskyi\Restauracja Twardokęs, Osmolovskyi\Restauracja\Program.h(2418,168): warning C4390: ";": znaleziono kontrolowaną pustą instrukcję; czy to było zamierzone?
D:\5 semester\aplikacje bazodanowe\projekt Twardokęs, Osmolovskyi\Restauracja Twardokęs, Osmolovskyi\Restauracja\Program.h(2505,163): warning C4390: ";": znaleziono kontrolowaną pustą instrukcję; czy to było zamierzone?
  Program.cpp
D:\5 semester\aplikacje bazodanowe\projekt Twardokęs, Osmolovskyi\Restauracja Twardokęs, Osmolovskyi\Restauracja\Program.h(1941,176): warning C4566: znak przedstawiony przez nazwę zawierającą znaki uniwersalne "\u0105" nie może być przedstawiony w bieżącej stronie kodowej (1251)
D:\5 semester\aplikacje bazodanowe\projekt Twardokęs, Osmolovskyi\Restauracja Twardokęs, Osmolovskyi\Restauracja\Program.h(2268,20): warning C4566: znak przedstawiony przez nazwę zawierającą znaki uniwersalne "\u0142" nie może być przedstawiony w bieżącej stronie kodowej (1251)
D:\5 semester\aplikacje bazodanowe\projekt Twardokęs, Osmolovskyi\Restauracja Twardokęs, Osmolovskyi\Restauracja\Program.h(2268,117): warning C4566: znak przedstawiony przez nazwę zawierającą znaki uniwersalne "\u0142" nie może być przedstawiony w bieżącej stronie kodowej (1251)
D:\5 semester\aplikacje bazodanowe\projekt Twardokęs, Osmolovskyi\Restauracja Twardokęs, Osmolovskyi\Restauracja\Program.h(2268,117): warning C4566: znak przedstawiony przez nazwę zawierającą znaki uniwersalne "\u0119" nie może być przedstawiony w bieżącej stronie kodowej (1251)
D:\5 semester\aplikacje bazodanowe\projekt Twardokęs, Osmolovskyi\Restauracja Twardokęs, Osmolovskyi\Restauracja\Program.h(2418,24): warning C4566: znak przedstawiony przez nazwę zawierającą znaki uniwersalne "\u0119" nie może być przedstawiony w bieżącej stronie kodowej (1251)
D:\5 semester\aplikacje bazodanowe\projekt Twardokęs, Osmolovskyi\Restauracja Twardokęs, Osmolovskyi\Restauracja\Program.h(2425,20): warning C4566: znak przedstawiony przez nazwę zawierającą znaki uniwersalne "\u0142" nie może być przedstawiony w bieżącej stronie kodowej (1251)
D:\5 semester\aplikacje bazodanowe\projekt Twardokęs, Osmolovskyi\Restauracja Twardokęs, Osmolovskyi\Restauracja\Program.h(2425,20): warning C4566: znak przedstawiony przez nazwę zawierającą znaki uniwersalne "\u0119" nie może być przedstawiony w bieżącej stronie kodowej (1251)
D:\5 semester\aplikacje bazodanowe\projekt Twardokęs, Osmolovskyi\Restauracja Twardokęs, Osmolovskyi\Restauracja\Program.h(2470,20): warning C4566: znak przedstawiony przez nazwę zawierającą znaki uniwersalne "\u0142" nie może być przedstawiony w bieżącej stronie kodowej (1251)
D:\5 semester\aplikacje bazodanowe\projekt Twardokęs, Osmolovskyi\Restauracja Twardokęs, Osmolovskyi\Restauracja\Program.h(2512,20): warning C4566: znak przedstawiony przez nazwę zawierającą znaki uniwersalne "\u0142" nie może być przedstawiony w bieżącej stronie kodowej (1251)
D:\5 semester\aplikacje bazodanowe\projekt Twardokęs, Osmolovskyi\Restauracja Twardokęs, Osmolovskyi\Restauracja\Program.h(2512,20): warning C4566: znak przedstawiony przez nazwę zawierającą znaki uniwersalne "\u0119" nie może być przedstawiony w bieżącej stronie kodowej (1251)
D:\5 semester\aplikacje bazodanowe\projekt Twardokęs, Osmolovskyi\Restauracja Twardokęs, Osmolovskyi\Restauracja\Program.h(1939,213): warning C4390: ";": znaleziono kontrolowaną pustą instrukcję; czy to było zamierzone?
D:\5 semester\aplikacje bazodanowe\projekt Twardokęs, Osmolovskyi\Restauracja Twardokęs, Osmolovskyi\Restauracja\Program.h(2074,209): warning C4390: ";": znaleziono kontrolowaną pustą instrukcję; czy to było zamierzone?
D:\5 semester\aplikacje bazodanowe\projekt Twardokęs, Osmolovskyi\Restauracja Twardokęs, Osmolovskyi\Restauracja\Program.h(2418,168): warning C4390: ";": znaleziono kontrolowaną pustą instrukcję; czy to było zamierzone?
D:\5 semester\aplikacje bazodanowe\projekt Twardokęs, Osmolovskyi\Restauracja Twardokęs, Osmolovskyi\Restauracja\Program.h(2505,163): warning C4390: ";": znaleziono kontrolowaną pustą instrukcję; czy to było zamierzone?
  Źródło.cpp
D:\5 semester\aplikacje bazodanowe\projekt Twardokęs, Osmolovskyi\Restauracja Twardokęs, Osmolovskyi\Restauracja\Program.h(1941,176): warning C4566: znak przedstawiony przez nazwę zawierającą znaki uniwersalne "\u0105" nie może być przedstawiony w bieżącej stronie kodowej (1251)
D:\5 semester\aplikacje bazodanowe\projekt Twardokęs, Osmolovskyi\Restauracja Twardokęs, Osmolovskyi\Restauracja\Program.h(2268,20): warning C4566: znak przedstawiony przez nazwę zawierającą znaki uniwersalne "\u0142" nie może być przedstawiony w bieżącej stronie kodowej (1251)
D:\5 semester\aplikacje bazodanowe\projekt Twardokęs, Osmolovskyi\Restauracja Twardokęs, Osmolovskyi\Restauracja\Program.h(2268,117): warning C4566: znak przedstawiony przez nazwę zawierającą znaki uniwersalne "\u0142" nie może być przedstawiony w bieżącej stronie kodowej (1251)
D:\5 semester\aplikacje bazodanowe\projekt Twardokęs, Osmolovskyi\Restauracja Twardokęs, Osmolovskyi\Restauracja\Program.h(2268,117): warning C4566: znak przedstawiony przez nazwę zawierającą znaki uniwersalne "\u0119" nie może być przedstawiony w bieżącej stronie kodowej (1251)
D:\5 semester\aplikacje bazodanowe\projekt Twardokęs, Osmolovskyi\Restauracja Twardokęs, Osmolovskyi\Restauracja\Program.h(2418,24): warning C4566: znak przedstawiony przez nazwę zawierającą znaki uniwersalne "\u0119" nie może być przedstawiony w bieżącej stronie kodowej (1251)
D:\5 semester\aplikacje bazodanowe\projekt Twardokęs, Osmolovskyi\Restauracja Twardokęs, Osmolovskyi\Restauracja\Program.h(2425,20): warning C4566: znak przedstawiony przez nazwę zawierającą znaki uniwersalne "\u0142" nie może być przedstawiony w bieżącej stronie kodowej (1251)
D:\5 semester\aplikacje bazodanowe\projekt Twardokęs, Osmolovskyi\Restauracja Twardokęs, Osmolovskyi\Restauracja\Program.h(2425,20): warning C4566: znak przedstawiony przez nazwę zawierającą znaki uniwersalne "\u0119" nie może być przedstawiony w bieżącej stronie kodowej (1251)
D:\5 semester\aplikacje bazodanowe\projekt Twardokęs, Osmolovskyi\Restauracja Twardokęs, Osmolovskyi\Restauracja\Program.h(2470,20): warning C4566: znak przedstawiony przez nazwę zawierającą znaki uniwersalne "\u0142" nie może być przedstawiony w bieżącej stronie kodowej (1251)
D:\5 semester\aplikacje bazodanowe\projekt Twardokęs, Osmolovskyi\Restauracja Twardokęs, Osmolovskyi\Restauracja\Program.h(2512,20): warning C4566: znak przedstawiony przez nazwę zawierającą znaki uniwersalne "\u0142" nie może być przedstawiony w bieżącej stronie kodowej (1251)
D:\5 semester\aplikacje bazodanowe\projekt Twardokęs, Osmolovskyi\Restauracja Twardokęs, Osmolovskyi\Restauracja\Program.h(2512,20): warning C4566: znak przedstawiony przez nazwę zawierającą znaki uniwersalne "\u0119" nie może być przedstawiony w bieżącej stronie kodowej (1251)
D:\5 semester\aplikacje bazodanowe\projekt Twardokęs, Osmolovskyi\Restauracja Twardokęs, Osmolovskyi\Restauracja\Program.h(1939,213): warning C4390: ";": znaleziono kontrolowaną pustą instrukcję; czy to było zamierzone?
D:\5 semester\aplikacje bazodanowe\projekt Twardokęs, Osmolovskyi\Restauracja Twardokęs, Osmolovskyi\Restauracja\Program.h(2074,209): warning C4390: ";": znaleziono kontrolowaną pustą instrukcję; czy to było zamierzone?
D:\5 semester\aplikacje bazodanowe\projekt Twardokęs, Osmolovskyi\Restauracja Twardokęs, Osmolovskyi\Restauracja\Program.h(2418,168): warning C4390: ";": znaleziono kontrolowaną pustą instrukcję; czy to było zamierzone?
D:\5 semester\aplikacje bazodanowe\projekt Twardokęs, Osmolovskyi\Restauracja Twardokęs, Osmolovskyi\Restauracja\Program.h(2505,163): warning C4390: ";": znaleziono kontrolowaną pustą instrukcję; czy to było zamierzone?
  Generowanie kodu...
  Logowanie.obj : napotkano moduł MSIL; konsolidowanie przyrostowe jest wyłączone dla modułów MSIL; zostanie wykonana pełna konsolidacja
  Restauracja.vcxproj -> D:\5 semester\aplikacje bazodanowe\projekt Twardokęs, Osmolovskyi\Restauracja Twardokęs, Osmolovskyi\Debug\Restauracja.exe
